2022-05-26T19:31:22+05:30 INFO (6): +++26-05-2022 19:31  +++++
2022-05-26T19:31:22+05:30 INFO (6): ----customer info From DB -------
2022-05-26T19:31:22+05:30 INFO (6): 4560
2022-05-26T19:31:22+05:30 INFO (6): raj@gmail.com
2022-05-26T19:31:22+05:30 INFO (6): ----End customer info From DB -------
2022-05-26T19:31:22+05:30 INFO (6): ----customer info From Session -------
2022-05-26T19:31:22+05:30 INFO (6): 4560
2022-05-26T19:31:22+05:30 INFO (6): ----End customer info From Session -------
2022-05-26T19:31:22+05:30 INFO (6): 1
2022-05-26T19:31:22+05:30 INFO (6): sess_cust_id: 4560
2022-05-26T19:31:22+05:30 INFO (6): 7499276208 +++++ last ++++
2022-05-26T19:42:12+05:30 INFO (6): +++26-05-2022 19:42  +++++
2022-05-26T19:42:12+05:30 INFO (6): ----customer info From DB -------
2022-05-26T19:42:12+05:30 INFO (6): 4560
2022-05-26T19:42:12+05:30 INFO (6): raj@gmail.com
2022-05-26T19:42:12+05:30 INFO (6): ----End customer info From DB -------
2022-05-26T19:42:13+05:30 INFO (6): ----customer info From Session -------
2022-05-26T19:42:13+05:30 INFO (6): 4560
2022-05-26T19:42:13+05:30 INFO (6): ----End customer info From Session -------
2022-05-26T19:42:13+05:30 INFO (6): 1
2022-05-26T19:42:13+05:30 INFO (6): sess_cust_id: 4560
2022-05-26T19:42:13+05:30 INFO (6): 7499276208 +++++ last ++++
2022-05-26T19:55:14+05:30 INFO (6): +++26-05-2022 19:55  +++++
2022-05-26T19:55:14+05:30 INFO (6): ----customer info From DB -------
2022-05-26T19:55:14+05:30 INFO (6): 4560
2022-05-26T19:55:14+05:30 INFO (6): raj@gmail.com
2022-05-26T19:55:14+05:30 INFO (6): ----End customer info From DB -------
2022-05-26T19:55:15+05:30 INFO (6): ----customer info From Session -------
2022-05-26T19:55:15+05:30 INFO (6): 4560
2022-05-26T19:55:15+05:30 INFO (6): ----End customer info From Session -------
2022-05-26T19:55:15+05:30 INFO (6): 1
2022-05-26T19:55:15+05:30 INFO (6): sess_cust_id: 4560
2022-05-26T19:55:15+05:30 INFO (6): 7499276208 +++++ last ++++
2022-05-26T19:59:13+05:30 INFO (6): +++26-05-2022 19:59  +++++
2022-05-26T19:59:13+05:30 INFO (6): ----customer info From DB -------
2022-05-26T19:59:13+05:30 INFO (6): 4560
2022-05-26T19:59:13+05:30 INFO (6): raj@gmail.com
2022-05-26T19:59:13+05:30 INFO (6): ----End customer info From DB -------
2022-05-26T19:59:14+05:30 INFO (6): ----customer info From Session -------
2022-05-26T19:59:14+05:30 INFO (6): 4560
2022-05-26T19:59:14+05:30 INFO (6): ----End customer info From Session -------
2022-05-26T19:59:14+05:30 INFO (6): 1
2022-05-26T19:59:14+05:30 INFO (6): sess_cust_id: 4560
2022-05-26T19:59:14+05:30 INFO (6): 7499276208 +++++ last ++++
2022-05-26T20:12:27+05:30 INFO (6): +++26-05-2022 20:12  +++++
2022-05-26T20:12:27+05:30 INFO (6): ----customer info From DB -------
2022-05-26T20:12:27+05:30 INFO (6): 4560
2022-05-26T20:12:27+05:30 INFO (6): raj@gmail.com
2022-05-26T20:12:27+05:30 INFO (6): ----End customer info From DB -------
2022-05-26T20:12:27+05:30 INFO (6): ----customer info From Session -------
2022-05-26T20:12:27+05:30 INFO (6): 4560
2022-05-26T20:12:27+05:30 INFO (6): ----End customer info From Session -------
2022-05-26T20:12:27+05:30 INFO (6): 1
2022-05-26T20:12:27+05:30 INFO (6): sess_cust_id: 4560
2022-05-26T20:12:27+05:30 INFO (6): 7499276208 +++++ last ++++
2022-05-26T22:11:23+05:30 INFO (6): +++26-05-2022 22:11  +++++
2022-05-26T22:11:23+05:30 INFO (6): ----customer info From DB -------
2022-05-26T22:11:23+05:30 INFO (6): 4560
2022-05-26T22:11:23+05:30 INFO (6): raj@gmail.com
2022-05-26T22:11:23+05:30 INFO (6): ----End customer info From DB -------
2022-05-26T22:11:23+05:30 INFO (6): ----customer info From Session -------
2022-05-26T22:11:23+05:30 INFO (6): 4560
2022-05-26T22:11:23+05:30 INFO (6): ----End customer info From Session -------
2022-05-26T22:11:23+05:30 INFO (6): 1
2022-05-26T22:11:23+05:30 INFO (6): sess_cust_id: 4560
2022-05-26T22:11:23+05:30 INFO (6): 7499276208 +++++ last ++++
2022-05-26T22:16:02+05:30 INFO (6): +++26-05-2022 22:16  +++++
2022-05-26T22:16:02+05:30 INFO (6): ----customer info From DB -------
2022-05-26T22:16:02+05:30 INFO (6): 4560
2022-05-26T22:16:02+05:30 INFO (6): raj@gmail.com
2022-05-26T22:16:02+05:30 INFO (6): ----End customer info From DB -------
2022-05-26T22:16:02+05:30 INFO (6): ----customer info From Session -------
2022-05-26T22:16:02+05:30 INFO (6): 4560
2022-05-26T22:16:02+05:30 INFO (6): ----End customer info From Session -------
2022-05-26T22:16:02+05:30 INFO (6): 1
2022-05-26T22:16:02+05:30 INFO (6): sess_cust_id: 4560
2022-05-26T22:16:02+05:30 INFO (6): 7499276208 +++++ last ++++
2022-05-26T22:32:22+05:30 INFO (6): +++26-05-2022 22:32  +++++
2022-05-26T22:32:22+05:30 INFO (6): ----customer info From DB -------
2022-05-26T22:32:22+05:30 INFO (6): 4560
2022-05-26T22:32:22+05:30 INFO (6): raj@gmail.com
2022-05-26T22:32:22+05:30 INFO (6): ----End customer info From DB -------
2022-05-26T22:32:23+05:30 INFO (6): ----customer info From Session -------
2022-05-26T22:32:23+05:30 INFO (6): 4560
2022-05-26T22:32:23+05:30 INFO (6): ----End customer info From Session -------
2022-05-26T22:32:23+05:30 INFO (6): 1
2022-05-26T22:32:23+05:30 INFO (6): sess_cust_id: 4560
2022-05-26T22:32:23+05:30 INFO (6): 7499276208 +++++ last ++++
2022-05-26T22:44:06+05:30 INFO (6): +++26-05-2022 22:44  +++++
2022-05-26T22:44:06+05:30 INFO (6): ----customer info From DB -------
2022-05-26T22:44:06+05:30 INFO (6): 4560
2022-05-26T22:44:06+05:30 INFO (6): raj@gmail.com
2022-05-26T22:44:06+05:30 INFO (6): ----End customer info From DB -------
2022-05-26T22:44:07+05:30 INFO (6): ----customer info From Session -------
2022-05-26T22:44:07+05:30 INFO (6): 4560
2022-05-26T22:44:07+05:30 INFO (6): ----End customer info From Session -------
2022-05-26T22:44:07+05:30 INFO (6): 1
2022-05-26T22:44:07+05:30 INFO (6): sess_cust_id: 4560
2022-05-26T22:44:07+05:30 INFO (6): 7499276208 +++++ last ++++
2022-05-27T09:17:16+05:30 INFO (6): +++27-05-2022 09:17  +++++
2022-05-27T09:17:16+05:30 INFO (6): ----customer info From DB -------
2022-05-27T09:17:16+05:30 INFO (6): 4560
2022-05-27T09:17:16+05:30 INFO (6): raj@gmail.com
2022-05-27T09:17:16+05:30 INFO (6): ----End customer info From DB -------
2022-05-27T09:17:16+05:30 INFO (6): ----customer info From Session -------
2022-05-27T09:17:16+05:30 INFO (6): 4560
2022-05-27T09:17:16+05:30 INFO (6): ----End customer info From Session -------
2022-05-27T09:17:16+05:30 INFO (6): 1
2022-05-27T09:17:16+05:30 INFO (6): sess_cust_id: 4560
2022-05-27T09:17:16+05:30 INFO (6): 7499276208 +++++ last ++++
2022-05-27T09:31:36+05:30 INFO (6): +++27-05-2022 09:31  +++++
2022-05-27T09:31:36+05:30 INFO (6): logged in
2022-05-27T09:33:56+05:30 INFO (6): +++27-05-2022 09:33  +++++
2022-05-27T09:33:56+05:30 INFO (6): logged in
2022-05-27T09:34:29+05:30 INFO (6): +++27-05-2022 09:34  +++++
2022-05-27T09:34:29+05:30 INFO (6): ----customer info From DB -------
2022-05-27T09:34:29+05:30 INFO (6): 4560
2022-05-27T09:34:29+05:30 INFO (6): raj@gmail.com
2022-05-27T09:34:29+05:30 INFO (6): ----End customer info From DB -------
2022-05-27T09:34:29+05:30 INFO (6): ----customer info From Session -------
2022-05-27T09:34:29+05:30 INFO (6): 4560
2022-05-27T09:34:29+05:30 INFO (6): ----End customer info From Session -------
2022-05-27T09:34:29+05:30 INFO (6): 1
2022-05-27T09:34:29+05:30 INFO (6): sess_cust_id: 4560
2022-05-27T09:34:29+05:30 INFO (6): 7499276208 +++++ last ++++
2022-05-27T09:34:30+05:30 INFO (6): +++27-05-2022 09:34  +++++
2022-05-27T09:34:30+05:30 INFO (6): logged in
2022-05-27T09:36:51+05:30 INFO (6): +++27-05-2022 09:36  +++++
2022-05-27T09:36:51+05:30 INFO (6): logged in
2022-05-27T09:37:28+05:30 INFO (6): +++27-05-2022 09:37  +++++
2022-05-27T09:37:28+05:30 INFO (6): ----customer info From DB -------
2022-05-27T09:37:28+05:30 INFO (6): 4560
2022-05-27T09:37:28+05:30 INFO (6): raj@gmail.com
2022-05-27T09:37:28+05:30 INFO (6): ----End customer info From DB -------
2022-05-27T09:37:28+05:30 INFO (6): ----customer info From Session -------
2022-05-27T09:37:28+05:30 INFO (6): 4560
2022-05-27T09:37:28+05:30 INFO (6): ----End customer info From Session -------
2022-05-27T09:37:28+05:30 INFO (6): 1
2022-05-27T09:37:28+05:30 INFO (6): sess_cust_id: 4560
2022-05-27T09:37:28+05:30 INFO (6): 7499276208 +++++ last ++++
2022-05-27T09:37:29+05:30 INFO (6): +++27-05-2022 09:37  +++++
2022-05-27T09:37:29+05:30 INFO (6): logged in
2022-05-27T09:37:38+05:30 INFO (6): +++27-05-2022 09:37  +++++
2022-05-27T09:37:38+05:30 INFO (6): logged in
2022-05-27T09:42:48+05:30 INFO (6): +++27-05-2022 09:42  +++++
2022-05-27T09:42:48+05:30 INFO (6): logged in
2022-05-27T09:43:15+05:30 INFO (6): +++27-05-2022 09:43  +++++
2022-05-27T09:43:15+05:30 INFO (6): ----customer info From DB -------
2022-05-27T09:43:15+05:30 INFO (6): 4560
2022-05-27T09:43:15+05:30 INFO (6): raj@gmail.com
2022-05-27T09:43:15+05:30 INFO (6): ----End customer info From DB -------
2022-05-27T09:43:15+05:30 INFO (6): ----customer info From Session -------
2022-05-27T09:43:15+05:30 INFO (6): 4560
2022-05-27T09:43:15+05:30 INFO (6): ----End customer info From Session -------
2022-05-27T09:43:15+05:30 INFO (6): 1
2022-05-27T09:43:15+05:30 INFO (6): sess_cust_id: 4560
2022-05-27T09:43:15+05:30 INFO (6): 7499276208 +++++ last ++++
2022-05-27T09:43:16+05:30 INFO (6): +++27-05-2022 09:43  +++++
2022-05-27T09:43:16+05:30 INFO (6): logged in
2022-05-27T10:03:50+05:30 INFO (6): +++27-05-2022 10:03  +++++
2022-05-27T10:03:50+05:30 INFO (6): logged in
2022-05-27T10:04:08+05:30 INFO (6): +++27-05-2022 10:04  +++++
2022-05-27T10:04:08+05:30 INFO (6): ----customer info From DB -------
2022-05-27T10:04:08+05:30 INFO (6): 4035
2022-05-27T10:04:08+05:30 INFO (6): 2021cosmotest@gmail.com
2022-05-27T10:04:08+05:30 INFO (6): ----End customer info From DB -------
2022-05-27T10:04:09+05:30 INFO (6): ----customer info From Session -------
2022-05-27T10:04:09+05:30 INFO (6): 4035
2022-05-27T10:04:09+05:30 INFO (6): ----End customer info From Session -------
2022-05-27T10:04:09+05:30 INFO (6): 1
2022-05-27T10:04:09+05:30 INFO (6): sess_cust_id: 4035
2022-05-27T10:04:09+05:30 INFO (6): 9811715645 +++++ last ++++
2022-05-27T10:04:09+05:30 INFO (6): +++27-05-2022 10:04  +++++
2022-05-27T10:04:09+05:30 INFO (6): logged in
2022-05-27T10:04:53+05:30 INFO (6): +++27-05-2022 10:04  +++++
2022-05-27T10:04:53+05:30 INFO (6): logged in
2022-05-27T10:05:34+05:30 INFO (6): +++27-05-2022 10:05  +++++
2022-05-27T10:05:34+05:30 INFO (6): ----customer info From DB -------
2022-05-27T10:05:34+05:30 INFO (6): 4035
2022-05-27T10:05:34+05:30 INFO (6): 2021cosmotest@gmail.com
2022-05-27T10:05:34+05:30 INFO (6): ----End customer info From DB -------
2022-05-27T10:05:35+05:30 INFO (6): ----customer info From Session -------
2022-05-27T10:05:35+05:30 INFO (6): 4035
2022-05-27T10:05:35+05:30 INFO (6): ----End customer info From Session -------
2022-05-27T10:05:35+05:30 INFO (6): 1
2022-05-27T10:05:35+05:30 INFO (6): sess_cust_id: 4035
2022-05-27T10:05:35+05:30 INFO (6): 9811715645 +++++ last ++++
2022-05-27T10:06:15+05:30 INFO (6): +++27-05-2022 10:06  +++++
2022-05-27T10:06:15+05:30 INFO (6): logged in
2022-05-27T10:06:47+05:30 INFO (6): +++27-05-2022 10:06  +++++
2022-05-27T10:06:47+05:30 INFO (6): ----customer info From DB -------
2022-05-27T10:06:47+05:30 INFO (6): 4035
2022-05-27T10:06:47+05:30 INFO (6): 2021cosmotest@gmail.com
2022-05-27T10:06:47+05:30 INFO (6): ----End customer info From DB -------
2022-05-27T10:06:47+05:30 INFO (6): ----customer info From Session -------
2022-05-27T10:06:47+05:30 INFO (6): 4035
2022-05-27T10:06:47+05:30 INFO (6): ----End customer info From Session -------
2022-05-27T10:06:47+05:30 INFO (6): 1
2022-05-27T10:06:47+05:30 INFO (6): sess_cust_id: 4035
2022-05-27T10:06:47+05:30 INFO (6): 9811715645 +++++ last ++++
2022-05-27T10:06:48+05:30 INFO (6): +++27-05-2022 10:06  +++++
2022-05-27T10:06:48+05:30 INFO (6): logged in
2022-05-27T10:43:37+05:30 INFO (6): +++27-05-2022 10:43  +++++
2022-05-27T10:43:37+05:30 INFO (6): logged in
2022-05-27T10:46:05+05:30 INFO (6): +++27-05-2022 10:46  +++++
2022-05-27T10:46:05+05:30 INFO (6): logged in
2022-05-27T10:47:17+05:30 INFO (6): +++27-05-2022 10:47  +++++
2022-05-27T10:47:17+05:30 INFO (6): ----customer info From DB -------
2022-05-27T10:47:17+05:30 INFO (6): 2348
2022-05-27T10:47:17+05:30 INFO (6): atulsikarwar1989@gmail.com
2022-05-27T10:47:17+05:30 INFO (6): ----End customer info From DB -------
2022-05-27T10:47:18+05:30 INFO (6): ----customer info From Session -------
2022-05-27T10:47:18+05:30 INFO (6): 2348
2022-05-27T10:47:18+05:30 INFO (6): ----End customer info From Session -------
2022-05-27T10:47:18+05:30 INFO (6): 1
2022-05-27T10:47:18+05:30 INFO (6): sess_cust_id: 2348
2022-05-27T10:47:18+05:30 INFO (6): 8085537219 +++++ last ++++
2022-05-27T10:47:18+05:30 INFO (6): +++27-05-2022 10:47  +++++
2022-05-27T10:47:18+05:30 INFO (6): logged in
2022-05-27T10:49:39+05:30 INFO (6): +++27-05-2022 10:49  +++++
2022-05-27T10:49:39+05:30 INFO (6): logged in
2022-05-27T10:49:59+05:30 INFO (6): +++27-05-2022 10:49  +++++
2022-05-27T10:49:59+05:30 INFO (6): ----customer info From DB -------
2022-05-27T10:49:59+05:30 INFO (6): 2348
2022-05-27T10:49:59+05:30 INFO (6): atulsikarwar1989@gmail.com
2022-05-27T10:49:59+05:30 INFO (6): ----End customer info From DB -------
2022-05-27T10:49:59+05:30 INFO (6): ----customer info From Session -------
2022-05-27T10:49:59+05:30 INFO (6): 2348
2022-05-27T10:49:59+05:30 INFO (6): ----End customer info From Session -------
2022-05-27T10:49:59+05:30 INFO (6): 1
2022-05-27T10:49:59+05:30 INFO (6): sess_cust_id: 2348
2022-05-27T10:49:59+05:30 INFO (6): 8085537219 +++++ last ++++
2022-05-27T10:50:00+05:30 INFO (6): +++27-05-2022 10:50  +++++
2022-05-27T10:50:00+05:30 INFO (6): logged in
2022-05-27T11:19:14+05:30 INFO (6): +++27-05-2022 11:19  +++++
2022-05-27T11:19:14+05:30 INFO (6): logged in
2022-05-27T11:19:50+05:30 INFO (6): +++27-05-2022 11:19  +++++
2022-05-27T11:19:50+05:30 INFO (6): ----customer info From DB -------
2022-05-27T11:19:50+05:30 INFO (6): 4560
2022-05-27T11:19:50+05:30 INFO (6): raj@gmail.com
2022-05-27T11:19:50+05:30 INFO (6): ----End customer info From DB -------
2022-05-27T11:19:50+05:30 INFO (6): ----customer info From Session -------
2022-05-27T11:19:50+05:30 INFO (6): 4560
2022-05-27T11:19:50+05:30 INFO (6): ----End customer info From Session -------
2022-05-27T11:19:50+05:30 INFO (6): 1
2022-05-27T11:19:50+05:30 INFO (6): sess_cust_id: 4560
2022-05-27T11:19:50+05:30 INFO (6): 7499276208 +++++ last ++++
2022-05-27T11:19:51+05:30 INFO (6): +++27-05-2022 11:19  +++++
2022-05-27T11:19:51+05:30 INFO (6): logged in
2022-05-27T11:27:03+05:30 INFO (6): +++27-05-2022 11:27  +++++
2022-05-27T11:27:03+05:30 INFO (6): logged in
2022-05-27T11:27:27+05:30 INFO (6): +++27-05-2022 11:27  +++++
2022-05-27T11:27:27+05:30 INFO (6): ----customer info From DB -------
2022-05-27T11:27:27+05:30 INFO (6): 4035
2022-05-27T11:27:27+05:30 INFO (6): 2021cosmotest@gmail.com
2022-05-27T11:27:27+05:30 INFO (6): ----End customer info From DB -------
2022-05-27T11:27:27+05:30 INFO (6): ----customer info From Session -------
2022-05-27T11:27:27+05:30 INFO (6): 4035
2022-05-27T11:27:27+05:30 INFO (6): ----End customer info From Session -------
2022-05-27T11:27:27+05:30 INFO (6): 1
2022-05-27T11:27:27+05:30 INFO (6): sess_cust_id: 4035
2022-05-27T11:27:27+05:30 INFO (6): 9811715645 +++++ last ++++
2022-05-27T11:27:28+05:30 INFO (6): +++27-05-2022 11:27  +++++
2022-05-27T11:27:28+05:30 INFO (6): logged in
2022-05-27T11:39:50+05:30 INFO (6): +++27-05-2022 11:39  +++++
2022-05-27T11:39:50+05:30 INFO (6): logged in
2022-05-27T11:40:09+05:30 INFO (6): +++27-05-2022 11:40  +++++
2022-05-27T11:40:09+05:30 INFO (6): ----customer info From DB -------
2022-05-27T11:40:09+05:30 INFO (6): 2348
2022-05-27T11:40:09+05:30 INFO (6): atulsikarwar1989@gmail.com
2022-05-27T11:40:09+05:30 INFO (6): ----End customer info From DB -------
2022-05-27T11:40:10+05:30 INFO (6): ----customer info From Session -------
2022-05-27T11:40:10+05:30 INFO (6): 2348
2022-05-27T11:40:10+05:30 INFO (6): ----End customer info From Session -------
2022-05-27T11:40:10+05:30 INFO (6): 1
2022-05-27T11:40:10+05:30 INFO (6): sess_cust_id: 2348
2022-05-27T11:40:10+05:30 INFO (6): 8085537219 +++++ last ++++
2022-05-27T11:42:43+05:30 INFO (6): +++27-05-2022 11:42  +++++
2022-05-27T11:42:43+05:30 INFO (6): logged in
2022-05-27T11:42:56+05:30 INFO (6): +++27-05-2022 11:42  +++++
2022-05-27T11:42:56+05:30 INFO (6): ----customer info From DB -------
2022-05-27T11:42:56+05:30 INFO (6): 2348
2022-05-27T11:42:56+05:30 INFO (6): atulsikarwar1989@gmail.com
2022-05-27T11:42:56+05:30 INFO (6): ----End customer info From DB -------
2022-05-27T11:42:57+05:30 INFO (6): ----customer info From Session -------
2022-05-27T11:42:57+05:30 INFO (6): 2348
2022-05-27T11:42:57+05:30 INFO (6): ----End customer info From Session -------
2022-05-27T11:42:57+05:30 INFO (6): 1
2022-05-27T11:42:57+05:30 INFO (6): sess_cust_id: 2348
2022-05-27T11:42:57+05:30 INFO (6): 8085537219 +++++ last ++++
2022-05-27T11:42:57+05:30 INFO (6): +++27-05-2022 11:42  +++++
2022-05-27T11:42:57+05:30 INFO (6): logged in
2022-05-27T11:51:59+05:30 INFO (6): +++27-05-2022 11:51  +++++
2022-05-27T11:51:59+05:30 INFO (6): logged in
2022-05-27T11:52:31+05:30 INFO (6): +++27-05-2022 11:52  +++++
2022-05-27T11:52:31+05:30 INFO (6): logged in
2022-05-27T11:53:01+05:30 INFO (6): +++27-05-2022 11:53  +++++
2022-05-27T11:53:01+05:30 INFO (6): ----customer info From DB -------
2022-05-27T11:53:01+05:30 INFO (6): 2348
2022-05-27T11:53:01+05:30 INFO (6): atulsikarwar1989@gmail.com
2022-05-27T11:53:01+05:30 INFO (6): ----End customer info From DB -------
2022-05-27T11:53:01+05:30 INFO (6): ----customer info From Session -------
2022-05-27T11:53:01+05:30 INFO (6): 2348
2022-05-27T11:53:01+05:30 INFO (6): ----End customer info From Session -------
2022-05-27T11:53:01+05:30 INFO (6): 1
2022-05-27T11:53:01+05:30 INFO (6): sess_cust_id: 2348
2022-05-27T11:53:01+05:30 INFO (6): 8085537219 +++++ last ++++
2022-05-27T11:53:02+05:30 INFO (6): +++27-05-2022 11:53  +++++
2022-05-27T11:53:02+05:30 INFO (6): logged in
2022-05-27T11:57:39+05:30 INFO (6): +++27-05-2022 11:57  +++++
2022-05-27T11:57:39+05:30 INFO (6): logged in
2022-05-27T11:58:13+05:30 INFO (6): +++27-05-2022 11:58  +++++
2022-05-27T11:58:13+05:30 INFO (6): ----customer info From DB -------
2022-05-27T11:58:13+05:30 INFO (6): 2348
2022-05-27T11:58:13+05:30 INFO (6): atulsikarwar1989@gmail.com
2022-05-27T11:58:13+05:30 INFO (6): ----End customer info From DB -------
2022-05-27T11:58:13+05:30 INFO (6): ----customer info From Session -------
2022-05-27T11:58:13+05:30 INFO (6): 2348
2022-05-27T11:58:13+05:30 INFO (6): ----End customer info From Session -------
2022-05-27T11:58:13+05:30 INFO (6): 1
2022-05-27T11:58:13+05:30 INFO (6): sess_cust_id: 2348
2022-05-27T11:58:13+05:30 INFO (6): 8085537219 +++++ last ++++
2022-05-27T11:58:14+05:30 INFO (6): +++27-05-2022 11:58  +++++
2022-05-27T11:58:14+05:30 INFO (6): logged in
2022-05-27T11:59:15+05:30 INFO (6): +++27-05-2022 11:59  +++++
2022-05-27T11:59:15+05:30 INFO (6): logged in
2022-05-27T12:08:41+05:30 INFO (6): +++27-05-2022 12:08  +++++
2022-05-27T12:08:41+05:30 INFO (6): ----customer info From DB -------
2022-05-27T12:08:41+05:30 INFO (6): 4035
2022-05-27T12:08:41+05:30 INFO (6): 2021cosmotest@gmail.com
2022-05-27T12:08:41+05:30 INFO (6): ----End customer info From DB -------
2022-05-27T12:08:42+05:30 INFO (6): ----customer info From Session -------
2022-05-27T12:08:42+05:30 INFO (6): 4035
2022-05-27T12:08:42+05:30 INFO (6): ----End customer info From Session -------
2022-05-27T12:08:42+05:30 INFO (6): 1
2022-05-27T12:08:42+05:30 INFO (6): sess_cust_id: 4035
2022-05-27T12:08:42+05:30 INFO (6): 9811715645 +++++ last ++++
2022-05-27T12:08:42+05:30 INFO (6): +++27-05-2022 12:08  +++++
2022-05-27T12:08:42+05:30 INFO (6): logged in
2022-05-27T12:10:24+05:30 INFO (6): +++27-05-2022 12:10  +++++
2022-05-27T12:10:24+05:30 INFO (6): logged in
2022-05-27T12:10:42+05:30 INFO (6): +++27-05-2022 12:10  +++++
2022-05-27T12:10:42+05:30 INFO (6): ----customer info From DB -------
2022-05-27T12:10:42+05:30 INFO (6): 4035
2022-05-27T12:10:42+05:30 INFO (6): 2021cosmotest@gmail.com
2022-05-27T12:10:42+05:30 INFO (6): ----End customer info From DB -------
2022-05-27T12:10:42+05:30 INFO (6): ----customer info From Session -------
2022-05-27T12:10:42+05:30 INFO (6): 4035
2022-05-27T12:10:42+05:30 INFO (6): ----End customer info From Session -------
2022-05-27T12:10:42+05:30 INFO (6): 1
2022-05-27T12:10:42+05:30 INFO (6): sess_cust_id: 4035
2022-05-27T12:10:42+05:30 INFO (6): 9811715645 +++++ last ++++
2022-05-27T12:10:43+05:30 INFO (6): +++27-05-2022 12:10  +++++
2022-05-27T12:10:43+05:30 INFO (6): logged in
2022-05-27T12:11:47+05:30 INFO (6): +++27-05-2022 12:11  +++++
2022-05-27T12:11:47+05:30 INFO (6): logged in
2022-05-27T12:12:20+05:30 INFO (6): +++27-05-2022 12:12  +++++
2022-05-27T12:12:20+05:30 INFO (6): ----customer info From DB -------
2022-05-27T12:12:20+05:30 INFO (6): 4035
2022-05-27T12:12:20+05:30 INFO (6): 2021cosmotest@gmail.com
2022-05-27T12:12:20+05:30 INFO (6): ----End customer info From DB -------
2022-05-27T12:12:20+05:30 INFO (6): ----customer info From Session -------
2022-05-27T12:12:20+05:30 INFO (6): 4035
2022-05-27T12:12:20+05:30 INFO (6): ----End customer info From Session -------
2022-05-27T12:12:20+05:30 INFO (6): 1
2022-05-27T12:12:20+05:30 INFO (6): sess_cust_id: 4035
2022-05-27T12:12:20+05:30 INFO (6): 9811715645 +++++ last ++++
2022-05-27T12:12:21+05:30 INFO (6): +++27-05-2022 12:12  +++++
2022-05-27T12:12:21+05:30 INFO (6): logged in
2022-05-27T12:14:42+05:30 INFO (6): +++27-05-2022 12:14  +++++
2022-05-27T12:14:42+05:30 INFO (6): logged in
2022-05-27T12:15:03+05:30 INFO (6): +++27-05-2022 12:15  +++++
2022-05-27T12:15:03+05:30 INFO (6): ----customer info From DB -------
2022-05-27T12:15:03+05:30 INFO (6): 4035
2022-05-27T12:15:03+05:30 INFO (6): 2021cosmotest@gmail.com
2022-05-27T12:15:03+05:30 INFO (6): ----End customer info From DB -------
2022-05-27T12:15:04+05:30 INFO (6): ----customer info From Session -------
2022-05-27T12:15:04+05:30 INFO (6): 4035
2022-05-27T12:15:04+05:30 INFO (6): ----End customer info From Session -------
2022-05-27T12:15:04+05:30 INFO (6): 1
2022-05-27T12:15:04+05:30 INFO (6): sess_cust_id: 4035
2022-05-27T12:15:04+05:30 INFO (6): 9811715645 +++++ last ++++
2022-05-27T12:15:04+05:30 INFO (6): +++27-05-2022 12:15  +++++
2022-05-27T12:15:04+05:30 INFO (6): logged in
2022-05-27T12:24:47+05:30 INFO (6): +++27-05-2022 12:24  +++++
2022-05-27T12:24:47+05:30 INFO (6): logged in
2022-05-27T12:25:03+05:30 INFO (6): +++27-05-2022 12:25  +++++
2022-05-27T12:25:04+05:30 INFO (6): ----customer info From DB -------
2022-05-27T12:25:04+05:30 INFO (6): 4035
2022-05-27T12:25:04+05:30 INFO (6): 2021cosmotest@gmail.com
2022-05-27T12:25:04+05:30 INFO (6): ----End customer info From DB -------
2022-05-27T12:25:04+05:30 INFO (6): ----customer info From Session -------
2022-05-27T12:25:04+05:30 INFO (6): 4035
2022-05-27T12:25:04+05:30 INFO (6): ----End customer info From Session -------
2022-05-27T12:25:04+05:30 INFO (6): 1
2022-05-27T12:25:04+05:30 INFO (6): sess_cust_id: 4035
2022-05-27T12:25:04+05:30 INFO (6): 9811715645 +++++ last ++++
2022-05-27T12:25:05+05:30 INFO (6): +++27-05-2022 12:25  +++++
2022-05-27T12:25:05+05:30 INFO (6): logged in
2022-05-27T12:29:51+05:30 INFO (6): +++27-05-2022 12:29  +++++
2022-05-27T12:29:51+05:30 INFO (6): ----customer info From DB -------
2022-05-27T12:29:51+05:30 INFO (6): 2348
2022-05-27T12:29:51+05:30 INFO (6): atulsikarwar1989@gmail.com
2022-05-27T12:29:51+05:30 INFO (6): ----End customer info From DB -------
2022-05-27T12:29:51+05:30 INFO (6): ----customer info From Session -------
2022-05-27T12:29:51+05:30 INFO (6): 2348
2022-05-27T12:29:51+05:30 INFO (6): ----End customer info From Session -------
2022-05-27T12:29:51+05:30 INFO (6): 1
2022-05-27T12:29:51+05:30 INFO (6): sess_cust_id: 2348
2022-05-27T12:29:51+05:30 INFO (6): 8085537219 +++++ last ++++
2022-05-27T12:31:00+05:30 INFO (6): +++27-05-2022 12:31  +++++
2022-05-27T12:31:00+05:30 INFO (6): logged in
2022-05-27T12:31:27+05:30 INFO (6): +++27-05-2022 12:31  +++++
2022-05-27T12:31:27+05:30 INFO (6): ----customer info From DB -------
2022-05-27T12:31:27+05:30 INFO (6): 4035
2022-05-27T12:31:27+05:30 INFO (6): 2021cosmotest@gmail.com
2022-05-27T12:31:27+05:30 INFO (6): ----End customer info From DB -------
2022-05-27T12:31:27+05:30 INFO (6): ----customer info From Session -------
2022-05-27T12:31:27+05:30 INFO (6): 4035
2022-05-27T12:31:27+05:30 INFO (6): ----End customer info From Session -------
2022-05-27T12:31:27+05:30 INFO (6): 1
2022-05-27T12:31:27+05:30 INFO (6): sess_cust_id: 4035
2022-05-27T12:31:27+05:30 INFO (6): 9811715645 +++++ last ++++
2022-05-27T12:31:28+05:30 INFO (6): +++27-05-2022 12:31  +++++
2022-05-27T12:31:28+05:30 INFO (6): logged in
2022-05-27T12:33:12+05:30 INFO (6): +++27-05-2022 12:33  +++++
2022-05-27T12:33:12+05:30 INFO (6): logged in
2022-05-27T12:33:25+05:30 INFO (6): +++27-05-2022 12:33  +++++
2022-05-27T12:33:25+05:30 INFO (6): ----customer info From DB -------
2022-05-27T12:33:25+05:30 INFO (6): 2348
2022-05-27T12:33:25+05:30 INFO (6): atulsikarwar1989@gmail.com
2022-05-27T12:33:25+05:30 INFO (6): ----End customer info From DB -------
2022-05-27T12:33:25+05:30 INFO (6): ----customer info From Session -------
2022-05-27T12:33:25+05:30 INFO (6): 2348
2022-05-27T12:33:25+05:30 INFO (6): ----End customer info From Session -------
2022-05-27T12:33:25+05:30 INFO (6): 1
2022-05-27T12:33:25+05:30 INFO (6): sess_cust_id: 2348
2022-05-27T12:33:25+05:30 INFO (6): 8085537219 +++++ last ++++
2022-05-27T12:33:39+05:30 INFO (6): +++27-05-2022 12:33  +++++
2022-05-27T12:33:39+05:30 INFO (6): ----customer info From DB -------
2022-05-27T12:33:39+05:30 INFO (6): 4035
2022-05-27T12:33:39+05:30 INFO (6): 2021cosmotest@gmail.com
2022-05-27T12:33:39+05:30 INFO (6): ----End customer info From DB -------
2022-05-27T12:33:39+05:30 INFO (6): ----customer info From Session -------
2022-05-27T12:33:39+05:30 INFO (6): 4035
2022-05-27T12:33:39+05:30 INFO (6): ----End customer info From Session -------
2022-05-27T12:33:39+05:30 INFO (6): 1
2022-05-27T12:33:39+05:30 INFO (6): sess_cust_id: 4035
2022-05-27T12:33:39+05:30 INFO (6): 9811715645 +++++ last ++++
2022-05-27T12:33:39+05:30 INFO (6): +++27-05-2022 12:33  +++++
2022-05-27T12:33:39+05:30 INFO (6): logged in
2022-05-27T12:34:14+05:30 INFO (6): +++27-05-2022 12:34  +++++
2022-05-27T12:34:14+05:30 INFO (6): logged in
2022-05-27T12:36:36+05:30 INFO (6): +++27-05-2022 12:36  +++++
2022-05-27T12:36:36+05:30 INFO (6): ----customer info From DB -------
2022-05-27T12:36:36+05:30 INFO (6): 2348
2022-05-27T12:36:36+05:30 INFO (6): atulsikarwar1989@gmail.com
2022-05-27T12:36:36+05:30 INFO (6): ----End customer info From DB -------
2022-05-27T12:36:36+05:30 INFO (6): ----customer info From Session -------
2022-05-27T12:36:36+05:30 INFO (6): 2348
2022-05-27T12:36:36+05:30 INFO (6): ----End customer info From Session -------
2022-05-27T12:36:36+05:30 INFO (6): 1
2022-05-27T12:36:36+05:30 INFO (6): sess_cust_id: 2348
2022-05-27T12:36:36+05:30 INFO (6): 8085537219 +++++ last ++++
2022-05-27T12:38:12+05:30 INFO (6): +++27-05-2022 12:38  +++++
2022-05-27T12:38:12+05:30 INFO (6): ----customer info From DB -------
2022-05-27T12:38:12+05:30 INFO (6): 2348
2022-05-27T12:38:12+05:30 INFO (6): atulsikarwar1989@gmail.com
2022-05-27T12:38:12+05:30 INFO (6): ----End customer info From DB -------
2022-05-27T12:38:12+05:30 INFO (6): ----customer info From Session -------
2022-05-27T12:38:12+05:30 INFO (6): 2348
2022-05-27T12:38:12+05:30 INFO (6): ----End customer info From Session -------
2022-05-27T12:38:12+05:30 INFO (6): 1
2022-05-27T12:38:12+05:30 INFO (6): sess_cust_id: 2348
2022-05-27T12:38:12+05:30 INFO (6): 8085537219 +++++ last ++++
2022-05-27T13:05:16+05:30 INFO (6): +++27-05-2022 13:05  +++++
2022-05-27T13:05:16+05:30 INFO (6): logged in
2022-05-27T13:06:18+05:30 INFO (6): +++27-05-2022 13:06  +++++
2022-05-27T13:06:18+05:30 INFO (6): logged in
2022-05-27T13:06:39+05:30 INFO (6): +++27-05-2022 13:06  +++++
2022-05-27T13:06:39+05:30 INFO (6): ----customer info From DB -------
2022-05-27T13:06:39+05:30 INFO (6): 2348
2022-05-27T13:06:39+05:30 INFO (6): atulsikarwar1989@gmail.com
2022-05-27T13:06:39+05:30 INFO (6): ----End customer info From DB -------
2022-05-27T13:06:39+05:30 INFO (6): ----customer info From Session -------
2022-05-27T13:06:39+05:30 INFO (6): 2348
2022-05-27T13:06:39+05:30 INFO (6): ----End customer info From Session -------
2022-05-27T13:06:39+05:30 INFO (6): 1
2022-05-27T13:06:39+05:30 INFO (6): sess_cust_id: 2348
2022-05-27T13:06:39+05:30 INFO (6): 8085537219 +++++ last ++++
2022-05-27T13:06:40+05:30 INFO (6): +++27-05-2022 13:06  +++++
2022-05-27T13:06:40+05:30 INFO (6): logged in
2022-05-27T13:43:24+05:30 INFO (6): +++27-05-2022 13:43  +++++
2022-05-27T13:43:24+05:30 INFO (6): logged in
2022-05-27T13:43:42+05:30 INFO (6): +++27-05-2022 13:43  +++++
2022-05-27T13:43:42+05:30 INFO (6): ----customer info From DB -------
2022-05-27T13:43:42+05:30 INFO (6): 4035
2022-05-27T13:43:42+05:30 INFO (6): 2021cosmotest@gmail.com
2022-05-27T13:43:42+05:30 INFO (6): ----End customer info From DB -------
2022-05-27T13:43:42+05:30 INFO (6): ----customer info From Session -------
2022-05-27T13:43:42+05:30 INFO (6): 4035
2022-05-27T13:43:42+05:30 INFO (6): ----End customer info From Session -------
2022-05-27T13:43:42+05:30 INFO (6): 1
2022-05-27T13:43:42+05:30 INFO (6): sess_cust_id: 4035
2022-05-27T13:43:42+05:30 INFO (6): 9811715645 +++++ last ++++
2022-05-27T13:43:42+05:30 INFO (6): +++27-05-2022 13:43  +++++
2022-05-27T13:43:42+05:30 INFO (6): logged in
2022-05-27T13:43:42+05:30 INFO (6): +++27-05-2022 13:43  +++++
2022-05-27T13:43:42+05:30 INFO (6): logged in
2022-05-27T13:44:05+05:30 INFO (6): +++27-05-2022 13:44  +++++
2022-05-27T13:44:05+05:30 INFO (6): ----customer info From DB -------
2022-05-27T13:44:05+05:30 INFO (6): 2348
2022-05-27T13:44:05+05:30 INFO (6): atulsikarwar1989@gmail.com
2022-05-27T13:44:05+05:30 INFO (6): ----End customer info From DB -------
2022-05-27T13:44:05+05:30 INFO (6): ----customer info From Session -------
2022-05-27T13:44:05+05:30 INFO (6): 2348
2022-05-27T13:44:05+05:30 INFO (6): ----End customer info From Session -------
2022-05-27T13:44:05+05:30 INFO (6): 1
2022-05-27T13:44:05+05:30 INFO (6): sess_cust_id: 2348
2022-05-27T13:44:05+05:30 INFO (6): 8085537219 +++++ last ++++
2022-05-27T13:44:06+05:30 INFO (6): +++27-05-2022 13:44  +++++
2022-05-27T13:44:06+05:30 INFO (6): logged in
2022-05-27T13:51:23+05:30 INFO (6): +++27-05-2022 13:51  +++++
2022-05-27T13:51:23+05:30 INFO (6): logged in
2022-05-27T13:51:59+05:30 INFO (6): +++27-05-2022 13:51  +++++
2022-05-27T13:51:59+05:30 INFO (6): ----customer info From DB -------
2022-05-27T13:51:59+05:30 INFO (6): 86
2022-05-27T13:51:59+05:30 INFO (6): shashi.bhushan@cosmofilms.com
2022-05-27T13:51:59+05:30 INFO (6): ----End customer info From DB -------
2022-05-27T13:52:00+05:30 INFO (6): ----customer info From Session -------
2022-05-27T13:52:00+05:30 INFO (6): 86
2022-05-27T13:52:00+05:30 INFO (6): ----End customer info From Session -------
2022-05-27T13:52:00+05:30 INFO (6): 1
2022-05-27T13:52:00+05:30 INFO (6): sess_cust_id: 86
2022-05-27T13:52:00+05:30 INFO (6): 8383984178 +++++ last ++++
2022-05-27T13:52:00+05:30 INFO (6): +++27-05-2022 13:52  +++++
2022-05-27T13:52:00+05:30 INFO (6): logged in
2022-05-27T13:52:17+05:30 INFO (6): +++27-05-2022 13:52  +++++
2022-05-27T13:52:17+05:30 INFO (6): logged in
2022-05-27T13:52:54+05:30 INFO (6): +++27-05-2022 13:52  +++++
2022-05-27T13:52:54+05:30 INFO (6): ----customer info From DB -------
2022-05-27T13:52:54+05:30 INFO (6): 4035
2022-05-27T13:52:54+05:30 INFO (6): 2021cosmotest@gmail.com
2022-05-27T13:52:54+05:30 INFO (6): ----End customer info From DB -------
2022-05-27T13:52:54+05:30 INFO (6): ----customer info From Session -------
2022-05-27T13:52:54+05:30 INFO (6): 4035
2022-05-27T13:52:54+05:30 INFO (6): ----End customer info From Session -------
2022-05-27T13:52:54+05:30 INFO (6): 1
2022-05-27T13:52:54+05:30 INFO (6): sess_cust_id: 4035
2022-05-27T13:52:54+05:30 INFO (6): 9811715645 +++++ last ++++
2022-05-27T13:52:54+05:30 INFO (6): +++27-05-2022 13:52  +++++
2022-05-27T13:52:54+05:30 INFO (6): logged in
2022-05-27T14:01:23+05:30 INFO (6): +++27-05-2022 14:01  +++++
2022-05-27T14:01:23+05:30 INFO (6): logged in
2022-05-27T14:01:46+05:30 INFO (6): +++27-05-2022 14:01  +++++
2022-05-27T14:01:46+05:30 INFO (6): ----customer info From DB -------
2022-05-27T14:01:46+05:30 INFO (6): 4035
2022-05-27T14:01:46+05:30 INFO (6): 2021cosmotest@gmail.com
2022-05-27T14:01:46+05:30 INFO (6): ----End customer info From DB -------
2022-05-27T14:01:46+05:30 INFO (6): ----customer info From Session -------
2022-05-27T14:01:46+05:30 INFO (6): 4035
2022-05-27T14:01:46+05:30 INFO (6): ----End customer info From Session -------
2022-05-27T14:01:46+05:30 INFO (6): 1
2022-05-27T14:01:46+05:30 INFO (6): sess_cust_id: 4035
2022-05-27T14:01:46+05:30 INFO (6): 9811715645 +++++ last ++++
2022-05-27T14:01:46+05:30 INFO (6): +++27-05-2022 14:01  +++++
2022-05-27T14:01:46+05:30 INFO (6): logged in
2022-05-27T14:19:37+05:30 INFO (6): +++27-05-2022 14:19  +++++
2022-05-27T14:19:37+05:30 INFO (6): logged in
2022-05-27T14:19:55+05:30 INFO (6): +++27-05-2022 14:19  +++++
2022-05-27T14:19:55+05:30 INFO (6): ----customer info From DB -------
2022-05-27T14:19:55+05:30 INFO (6): 2348
2022-05-27T14:19:55+05:30 INFO (6): atulsikarwar1989@gmail.com
2022-05-27T14:19:55+05:30 INFO (6): ----End customer info From DB -------
2022-05-27T14:19:55+05:30 INFO (6): ----customer info From Session -------
2022-05-27T14:19:55+05:30 INFO (6): 2348
2022-05-27T14:19:55+05:30 INFO (6): ----End customer info From Session -------
2022-05-27T14:19:55+05:30 INFO (6): 1
2022-05-27T14:19:55+05:30 INFO (6): sess_cust_id: 2348
2022-05-27T14:19:55+05:30 INFO (6): 8085537219 +++++ last ++++
2022-05-27T14:19:56+05:30 INFO (6): +++27-05-2022 14:19  +++++
2022-05-27T14:19:56+05:30 INFO (6): logged in
2022-05-27T14:43:30+05:30 INFO (6): +++27-05-2022 14:43  +++++
2022-05-27T14:43:30+05:30 INFO (6): logged in
2022-05-27T14:59:25+05:30 INFO (6): +++27-05-2022 14:59  +++++
2022-05-27T14:59:25+05:30 INFO (6): ----customer info From DB -------
2022-05-27T14:59:25+05:30 INFO (6): 4035
2022-05-27T14:59:25+05:30 INFO (6): 2021cosmotest@gmail.com
2022-05-27T14:59:25+05:30 INFO (6): ----End customer info From DB -------
2022-05-27T14:59:25+05:30 INFO (6): ----customer info From Session -------
2022-05-27T14:59:25+05:30 INFO (6): 4035
2022-05-27T14:59:25+05:30 INFO (6): ----End customer info From Session -------
2022-05-27T14:59:25+05:30 INFO (6): 1
2022-05-27T14:59:25+05:30 INFO (6): sess_cust_id: 4035
2022-05-27T14:59:25+05:30 INFO (6): 9811715645 +++++ last ++++
2022-05-27T14:59:26+05:30 INFO (6): +++27-05-2022 14:59  +++++
2022-05-27T14:59:26+05:30 INFO (6): logged in
2022-05-27T15:16:32+05:30 INFO (6): +++27-05-2022 15:16  +++++
2022-05-27T15:16:32+05:30 INFO (6): logged in
2022-05-27T15:16:49+05:30 INFO (6): +++27-05-2022 15:16  +++++
2022-05-27T15:16:49+05:30 INFO (6): ----customer info From DB -------
2022-05-27T15:16:49+05:30 INFO (6): 4035
2022-05-27T15:16:49+05:30 INFO (6): 2021cosmotest@gmail.com
2022-05-27T15:16:49+05:30 INFO (6): ----End customer info From DB -------
2022-05-27T15:16:50+05:30 INFO (6): ----customer info From Session -------
2022-05-27T15:16:50+05:30 INFO (6): 4035
2022-05-27T15:16:50+05:30 INFO (6): ----End customer info From Session -------
2022-05-27T15:16:50+05:30 INFO (6): 1
2022-05-27T15:16:50+05:30 INFO (6): sess_cust_id: 4035
2022-05-27T15:16:50+05:30 INFO (6): 9811715645 +++++ last ++++
2022-05-27T15:16:50+05:30 INFO (6): +++27-05-2022 15:16  +++++
2022-05-27T15:16:50+05:30 INFO (6): logged in
2022-05-27T16:21:34+05:30 INFO (6): +++27-05-2022 16:21  +++++
2022-05-27T16:21:34+05:30 INFO (6): logged in
2022-05-27T16:22:08+05:30 INFO (6): +++27-05-2022 16:22  +++++
2022-05-27T16:22:08+05:30 INFO (6): ----customer info From DB -------
2022-05-27T16:22:08+05:30 INFO (6): 4035
2022-05-27T16:22:08+05:30 INFO (6): 2021cosmotest@gmail.com
2022-05-27T16:22:08+05:30 INFO (6): ----End customer info From DB -------
2022-05-27T16:22:08+05:30 INFO (6): ----customer info From Session -------
2022-05-27T16:22:08+05:30 INFO (6): 4035
2022-05-27T16:22:08+05:30 INFO (6): ----End customer info From Session -------
2022-05-27T16:22:08+05:30 INFO (6): 1
2022-05-27T16:22:08+05:30 INFO (6): sess_cust_id: 4035
2022-05-27T16:22:08+05:30 INFO (6): 9811715645 +++++ last ++++
2022-05-27T16:23:56+05:30 INFO (6): +++27-05-2022 16:23  +++++
2022-05-27T16:23:56+05:30 INFO (6): logged in
2022-05-27T16:24:13+05:30 INFO (6): +++27-05-2022 16:24  +++++
2022-05-27T16:24:13+05:30 INFO (6): ----customer info From DB -------
2022-05-27T16:24:13+05:30 INFO (6): 4035
2022-05-27T16:24:13+05:30 INFO (6): 2021cosmotest@gmail.com
2022-05-27T16:24:13+05:30 INFO (6): ----End customer info From DB -------
2022-05-27T16:24:13+05:30 INFO (6): ----customer info From Session -------
2022-05-27T16:24:13+05:30 INFO (6): 4035
2022-05-27T16:24:13+05:30 INFO (6): ----End customer info From Session -------
2022-05-27T16:24:13+05:30 INFO (6): 1
2022-05-27T16:24:13+05:30 INFO (6): sess_cust_id: 4035
2022-05-27T16:24:13+05:30 INFO (6): 9811715645 +++++ last ++++
2022-05-27T16:24:14+05:30 INFO (6): +++27-05-2022 16:24  +++++
2022-05-27T16:24:14+05:30 INFO (6): logged in
2022-05-27T16:25:17+05:30 INFO (6): +++27-05-2022 16:25  +++++
2022-05-27T16:25:17+05:30 INFO (6): logged in
2022-05-27T16:25:53+05:30 INFO (6): +++27-05-2022 16:25  +++++
2022-05-27T16:25:53+05:30 INFO (6): ----customer info From DB -------
2022-05-27T16:25:53+05:30 INFO (6): 4035
2022-05-27T16:25:53+05:30 INFO (6): 2021cosmotest@gmail.com
2022-05-27T16:25:53+05:30 INFO (6): ----End customer info From DB -------
2022-05-27T16:25:54+05:30 INFO (6): ----customer info From Session -------
2022-05-27T16:25:54+05:30 INFO (6): 4035
2022-05-27T16:25:54+05:30 INFO (6): ----End customer info From Session -------
2022-05-27T16:25:54+05:30 INFO (6): 1
2022-05-27T16:25:54+05:30 INFO (6): sess_cust_id: 4035
2022-05-27T16:25:54+05:30 INFO (6): 9811715645 +++++ last ++++
2022-05-27T16:26:59+05:30 INFO (6): +++27-05-2022 16:26  +++++
2022-05-27T16:26:59+05:30 INFO (6): logged in
2022-05-27T16:27:43+05:30 INFO (6): +++27-05-2022 16:27  +++++
2022-05-27T16:27:44+05:30 INFO (6): ----customer info From DB -------
2022-05-27T16:27:44+05:30 INFO (6): 4035
2022-05-27T16:27:44+05:30 INFO (6): 2021cosmotest@gmail.com
2022-05-27T16:27:44+05:30 INFO (6): ----End customer info From DB -------
2022-05-27T16:27:44+05:30 INFO (6): ----customer info From Session -------
2022-05-27T16:27:44+05:30 INFO (6): 4035
2022-05-27T16:27:44+05:30 INFO (6): ----End customer info From Session -------
2022-05-27T16:27:44+05:30 INFO (6): 1
2022-05-27T16:27:44+05:30 INFO (6): sess_cust_id: 4035
2022-05-27T16:27:44+05:30 INFO (6): 9811715645 +++++ last ++++
2022-05-27T16:27:45+05:30 INFO (6): +++27-05-2022 16:27  +++++
2022-05-27T16:27:45+05:30 INFO (6): logged in
2022-05-27T16:28:31+05:30 INFO (6): +++27-05-2022 16:28  +++++
2022-05-27T16:28:31+05:30 INFO (6): logged in
2022-05-27T16:29:10+05:30 INFO (6): +++27-05-2022 16:29  +++++
2022-05-27T16:29:10+05:30 INFO (6): ----customer info From DB -------
2022-05-27T16:29:10+05:30 INFO (6): 4035
2022-05-27T16:29:10+05:30 INFO (6): 2021cosmotest@gmail.com
2022-05-27T16:29:10+05:30 INFO (6): ----End customer info From DB -------
2022-05-27T16:29:11+05:30 INFO (6): ----customer info From Session -------
2022-05-27T16:29:11+05:30 INFO (6): 4035
2022-05-27T16:29:11+05:30 INFO (6): ----End customer info From Session -------
2022-05-27T16:29:11+05:30 INFO (6): 1
2022-05-27T16:29:11+05:30 INFO (6): sess_cust_id: 4035
2022-05-27T16:29:11+05:30 INFO (6): 9811715645 +++++ last ++++
2022-05-27T16:29:11+05:30 INFO (6): +++27-05-2022 16:29  +++++
2022-05-27T16:29:11+05:30 INFO (6): logged in
2022-05-27T16:42:34+05:30 INFO (6): +++27-05-2022 16:42  +++++
2022-05-27T16:42:34+05:30 INFO (6): logged in
2022-05-27T16:42:59+05:30 INFO (6): +++27-05-2022 16:42  +++++
2022-05-27T16:42:59+05:30 INFO (6): ----customer info From DB -------
2022-05-27T16:42:59+05:30 INFO (6): 4035
2022-05-27T16:42:59+05:30 INFO (6): 2021cosmotest@gmail.com
2022-05-27T16:42:59+05:30 INFO (6): ----End customer info From DB -------
2022-05-27T16:43:00+05:30 INFO (6): ----customer info From Session -------
2022-05-27T16:43:00+05:30 INFO (6): 4035
2022-05-27T16:43:00+05:30 INFO (6): ----End customer info From Session -------
2022-05-27T16:43:00+05:30 INFO (6): 1
2022-05-27T16:43:00+05:30 INFO (6): sess_cust_id: 4035
2022-05-27T16:43:00+05:30 INFO (6): 9811715645 +++++ last ++++
