2022-05-23T06:09:55+00:00 INFO (6): start
2022-05-23T06:09:55+00:00 INFO (6): ----customer info From DB -------
2022-05-23T06:09:55+00:00 INFO (6): 4035
2022-05-23T06:09:55+00:00 INFO (6): 2021cosmotest@gmail.com
2022-05-23T06:09:55+00:00 INFO (6): ----End customer info From DB -------
2022-05-23T06:09:55+00:00 INFO (6): ----customer info From Session -------
2022-05-23T06:09:55+00:00 INFO (6): 4035
2022-05-23T06:09:55+00:00 INFO (6): ----End customer info From Session -------
2022-05-23T06:09:55+00:00 INFO (6): 1
2022-05-23T06:09:55+00:00 INFO (6): ----last-----
2022-05-23T06:34:18+00:00 INFO (6): start
2022-05-23T06:34:18+00:00 INFO (6): ----customer info From DB -------
2022-05-23T06:34:18+00:00 INFO (6): 4560
2022-05-23T06:34:18+00:00 INFO (6): raj@gmail.com
2022-05-23T06:34:18+00:00 INFO (6): ----End customer info From DB -------
2022-05-23T06:34:18+00:00 INFO (6): ----customer info From Session -------
2022-05-23T06:34:18+00:00 INFO (6): 4560
2022-05-23T06:34:18+00:00 INFO (6): ----End customer info From Session -------
2022-05-23T06:34:18+00:00 INFO (6): 1
2022-05-23T06:34:18+00:00 INFO (6): ----last-----
2022-05-23T06:45:49+00:00 INFO (6): start
2022-05-23T06:45:49+00:00 INFO (6): ----customer info From DB -------
2022-05-23T06:45:49+00:00 INFO (6): 4035
2022-05-23T06:45:49+00:00 INFO (6): 2021cosmotest@gmail.com
2022-05-23T06:45:49+00:00 INFO (6): ----End customer info From DB -------
2022-05-23T06:45:49+00:00 INFO (6): ----customer info From Session -------
2022-05-23T06:45:49+00:00 INFO (6): 4035
2022-05-23T06:45:49+00:00 INFO (6): ----End customer info From Session -------
2022-05-23T06:45:49+00:00 INFO (6): 1
2022-05-23T06:45:49+00:00 INFO (6): ----last-----
2022-05-23T07:02:28+00:00 INFO (6): start
2022-05-23T07:02:28+00:00 INFO (6): ----customer info From DB -------
2022-05-23T07:02:28+00:00 INFO (6): 4560
2022-05-23T07:02:28+00:00 INFO (6): raj@gmail.com
2022-05-23T07:02:28+00:00 INFO (6): ----End customer info From DB -------
2022-05-23T07:02:28+00:00 INFO (6): ----customer info From Session -------
2022-05-23T07:02:28+00:00 INFO (6): 4560
2022-05-23T07:02:28+00:00 INFO (6): ----End customer info From Session -------
2022-05-23T07:02:28+00:00 INFO (6): 1
2022-05-23T07:02:28+00:00 INFO (6): ----last-----
2022-05-23T07:02:37+00:00 INFO (6): start
2022-05-23T07:02:37+00:00 INFO (6): ----customer info From DB -------
2022-05-23T07:02:37+00:00 INFO (6): 4035
2022-05-23T07:02:37+00:00 INFO (6): 2021cosmotest@gmail.com
2022-05-23T07:02:37+00:00 INFO (6): ----End customer info From DB -------
2022-05-23T07:02:37+00:00 INFO (6): ----customer info From Session -------
2022-05-23T07:02:37+00:00 INFO (6): 4035
2022-05-23T07:02:37+00:00 INFO (6): ----End customer info From Session -------
2022-05-23T07:02:37+00:00 INFO (6): 1
2022-05-23T07:02:37+00:00 INFO (6): ----last-----
2022-05-23T07:04:58+00:00 INFO (6): start
2022-05-23T07:04:58+00:00 INFO (6): ----customer info From DB -------
2022-05-23T07:04:58+00:00 INFO (6): 4035
2022-05-23T07:04:58+00:00 INFO (6): 2021cosmotest@gmail.com
2022-05-23T07:04:58+00:00 INFO (6): ----End customer info From DB -------
2022-05-23T07:04:58+00:00 INFO (6): ----customer info From Session -------
2022-05-23T07:04:58+00:00 INFO (6): 4035
2022-05-23T07:04:58+00:00 INFO (6): ----End customer info From Session -------
2022-05-23T07:04:58+00:00 INFO (6): 1
2022-05-23T07:04:58+00:00 INFO (6): ----last-----
2022-05-23T07:06:54+00:00 INFO (6): start
2022-05-23T07:06:54+00:00 INFO (6): ----customer info From DB -------
2022-05-23T07:06:54+00:00 INFO (6): 4035
2022-05-23T07:06:54+00:00 INFO (6): 2021cosmotest@gmail.com
2022-05-23T07:06:54+00:00 INFO (6): ----End customer info From DB -------
2022-05-23T07:06:54+00:00 INFO (6): ----customer info From Session -------
2022-05-23T07:06:54+00:00 INFO (6): 4035
2022-05-23T07:06:54+00:00 INFO (6): ----End customer info From Session -------
2022-05-23T07:06:54+00:00 INFO (6): 1
2022-05-23T07:06:54+00:00 INFO (6): ----last-----
2022-05-23T07:54:47+00:00 INFO (6): start
2022-05-23T07:54:47+00:00 INFO (6): ----customer info From DB -------
2022-05-23T07:54:47+00:00 INFO (6): 4035
2022-05-23T07:54:47+00:00 INFO (6): 2021cosmotest@gmail.com
2022-05-23T07:54:47+00:00 INFO (6): ----End customer info From DB -------
2022-05-23T07:54:47+00:00 INFO (6): ----customer info From Session -------
2022-05-23T07:54:47+00:00 INFO (6): 4035
2022-05-23T07:54:47+00:00 INFO (6): ----End customer info From Session -------
2022-05-23T07:54:47+00:00 INFO (6): 1
2022-05-23T07:54:47+00:00 INFO (6): ----last-----
